<?xml version="1.0" encoding="UTF-8"?>
<!-- Generated by org.testng.reporters.JUnitXMLReporter -->
<testsuite ignored="1" hostname="DESKTOP-D82O3N0" failures="0" tests="2" name="Test" time="46.686" errors="0" timestamp="2023-08-11T15:27:27 GMT-07:00">
  <testcase classname="test.Fblogintest" name="login" time="26.599"/>
  <testcase classname="test.Fbcreatepagetest" name="pageCreation" time="5.189"/>
  <testcase classname="basepkg.Basecls" name="@BeforeTest setUp" time="0.0">
    <ignored/>
  </testcase> <!-- @BeforeTest setUp -->
</testsuite> <!-- Test -->
