<?xml version="1.0" encoding="UTF-8"?>
<testng-results ignored="0" total="1" passed="1" failed="0" skipped="0">
  <reporter-output>
  </reporter-output>
  <suite started-at="2023-08-14T16:37:43 GMT-07:00" name="Default suite" finished-at="2023-08-14T16:38:22 GMT-07:00" duration-ms="38933">
    <groups>
    </groups>
    <test started-at="2023-08-14T16:37:43 GMT-07:00" name="Default test" finished-at="2023-08-14T16:38:22 GMT-07:00" duration-ms="38933">
      <class name="test.Fblogintest">
        <test-method is-config="true" signature="setUp()[pri:0, instance:test.Fblogintest@1e6a3214]" started-at="2023-08-14T16:37:43 GMT-07:00" name="setUp" finished-at="2023-08-14T16:38:00 GMT-07:00" duration-ms="16406" status="PASS">
          <reporter-output>
          </reporter-output>
        </test-method> <!-- setUp -->
        <test-method signature="login()[pri:0, instance:test.Fblogintest@1e6a3214]" started-at="2023-08-14T16:38:00 GMT-07:00" name="login" finished-at="2023-08-14T16:38:22 GMT-07:00" duration-ms="22392" status="PASS">
          <reporter-output>
          </reporter-output>
        </test-method> <!-- login -->
      </class> <!-- test.Fblogintest -->
    </test> <!-- Default test -->
  </suite> <!-- Default suite -->
</testng-results>
